

Microchip MPLAB XC8 Assembler V2.41 build 20230208172133 
                                                                                               Tue May 16 17:11:55 2023

Microchip MPLAB XC8 C Compiler v2.41 (Free license) build 20230208172133 Og1 
     1                           	processor	18F4620
     2                           	fnconf	rparam,??,?,0
     3                           	pagewidth 120
     4                           	opt	flic
     5                           	psect	idataCOMRAM,global,class=CODE,delta=1,noexec
     6                           	psect	cinit,global,reloc=2,class=CODE,delta=1
     7                           	psect	dataCOMRAM,global,class=COMRAM,space=1,delta=1,lowdata,noexec
     8                           	psect	cstackCOMRAM,global,class=COMRAM,space=1,delta=1,lowdata,noexec
     9                           	psect	text0,global,reloc=2,class=CODE,delta=1
    10                           	psect	intsave_regs,global,class=BIGRAM,space=1,delta=1,noexec
    11                           	psect	rparam,global,class=COMRAM,space=1,delta=1,noexec
    12                           	psect	idloc,global,abs,ovrld,class=IDLOC,space=5,delta=1,noexec
    13                           	psect	config,global,abs,ovrld,class=CONFIG,space=4,delta=1,noexec
    14   000000                     
    15                           ; Generated 23/03/2023 GMT
    16                           ; 
    17                           ; Copyright © 2023, Microchip Technology Inc. and its subsidiaries ("Microchip")
    18                           ; All rights reserved.
    19                           ; 
    20                           ; This software is developed by Microchip Technology Inc. and its subsidiaries ("Microch
      +                          ip").
    21                           ; 
    22                           ; Redistribution and use in source and binary forms, with or without modification, are
    23                           ; permitted provided that the following conditions are met:
    24                           ; 
    25                           ;     1. Redistributions of source code must retain the above copyright notice, this lis
      +                          t of
    26                           ;        conditions and the following disclaimer.
    27                           ; 
    28                           ;     2. Redistributions in binary form must reproduce the above copyright notice, this 
      +                          list
    29                           ;        of conditions and the following disclaimer in the documentation and/or other
    30                           ;        materials provided with the distribution. Publication is not required when
    31                           ;        this file is used in an embedded application.
    32                           ; 
    33                           ;     3. Microchip's name may not be used to endorse or promote products derived from th
      +                          is
    34                           ;        software without specific prior written permission.
    35                           ; 
    36                           ; THIS SOFTWARE IS PROVIDED BY MICROCHIP "AS IS" AND ANY EXPRESS OR IMPLIED WARRANTIES,
    37                           ; INCLUDING, BUT NOT LIMITED TO, THE IMPLIED WARRANTIES OF MERCHANTABILITY AND FITNESS F
      +                          OR
    38                           ; PURPOSE ARE DISCLAIMED.  IN NO EVENT SHALL MICROCHIP BE LIABLE FOR ANY DIRECT, INDIREC
      +                          T,
    39                           ; INCIDENTAL, SPECIAL, EXEMPLARY, OR CONSEQUENTIAL DAMAGES (INCLUDING BUT NOT LIMITED TO
    40                           ; PROCUREMENT OF SUBSTITUTE GOODS OR SERVICES; LOSS OF USE, DATA OR PROFITS; OR BUSINESS
    41                           ; INTERRUPTION) HOWSOEVER CAUSED AND ON ANY THEORY OF LIABILITY, WHETHER IN CONTRACT, ST
      +                          RICT
    42                           ; LIABILITY, OR TORT (INCLUDING NEGLIGENCE OR OTHERWISE) ARISING IN ANY WAY OUT OF THE U
      +                          SE OF
    43                           ; THIS SOFTWARE, EVEN IF ADVISED OF THE POSSIBILITY OF SUCH DAMAGE.
    44                           ; 
    45                           ; 
    46                           ; Code-generator required, PIC18F4620 Definitions
    47                           ; 
    48                           ; SFR Addresses
    49   000000                     
    50                           	psect	idataCOMRAM
    51   00FFBC                     __pidataCOMRAM:
    52                           	callstack 0
    53                           
    54                           ;initializer for _PORT_REGESTERS
    55   00FFBC  80                 	db	128
    56   00FFBD  0F                 	db	15
    57   00FFBE  81                 	db	129
    58   00FFBF  0F                 	db	15
    59   00FFC0  82                 	db	130
    60   00FFC1  0F                 	db	15
    61   00FFC2  83                 	db	131
    62   00FFC3  0F                 	db	15
    63   00FFC4  84                 	db	132
    64   00FFC5  0F                 	db	15
    65                           
    66                           ;initializer for _LAT_REGESTERS
    67   00FFC6  89                 	db	137
    68   00FFC7  0F                 	db	15
    69   00FFC8  8A                 	db	138
    70   00FFC9  0F                 	db	15
    71   00FFCA  8B                 	db	139
    72   00FFCB  0F                 	db	15
    73   00FFCC  8C                 	db	140
    74   00FFCD  0F                 	db	15
    75   00FFCE  8D                 	db	141
    76   00FFCF  0F                 	db	15
    77                           
    78                           ;initializer for _TRIS_REGESTERS
    79   00FFD0  92                 	db	146
    80   00FFD1  0F                 	db	15
    81   00FFD2  93                 	db	147
    82   00FFD3  0F                 	db	15
    83   00FFD4  94                 	db	148
    84   00FFD5  0F                 	db	15
    85   00FFD6  95                 	db	149
    86   00FFD7  0F                 	db	15
    87   00FFD8  96                 	db	150
    88   00FFD9  0F                 	db	15
    89   000000                     _PORTE	set	3972
    90   000000                     _PORTD	set	3971
    91   000000                     _PORTC	set	3970
    92   000000                     _PORTB	set	3969
    93   000000                     _PORTA	set	3968
    94   000000                     _LATA	set	3977
    95   000000                     _TRISA	set	3986
    96   000000                     _TRISE	set	3990
    97   000000                     _TRISD	set	3989
    98   000000                     _TRISC	set	3988
    99   000000                     _TRISB	set	3987
   100   000000                     _LATE	set	3981
   101   000000                     _LATD	set	3980
   102   000000                     _LATC	set	3979
   103   000000                     _LATB	set	3978
   104                           
   105                           ; #config settings
   106                           
   107                           	psect	cinit
   108   00FFDA                     __pcinit:
   109                           	callstack 0
   110   00FFDA                     start_initialization:
   111                           	callstack 0
   112   00FFDA                     __initialization:
   113                           	callstack 0
   114                           
   115                           ; Initialize objects allocated to COMRAM (30 bytes)
   116                           ; load TBLPTR registers with __pidataCOMRAM
   117   00FFDA  0EBC               	movlw	low __pidataCOMRAM
   118   00FFDC  6EF6               	movwf	tblptrl,c
   119   00FFDE  0EFF               	movlw	high __pidataCOMRAM
   120   00FFE0  6EF7               	movwf	tblptrh,c
   121   00FFE2  0E00               	movlw	low (__pidataCOMRAM shr (0+16))
   122   00FFE4  6EF8               	movwf	tblptru,c
   123   00FFE6  EE00  F001         	lfsr	0,__pdataCOMRAM
   124   00FFEA  EE10 F01E          	lfsr	1,30
   125   00FFEE                     copy_data0:
   126   00FFEE  0009               	tblrd		*+
   127   00FFF0  CFF5 FFEE          	movff	tablat,postinc0
   128   00FFF4  50E5               	movf	postdec1,w,c
   129   00FFF6  50E1               	movf	fsr1l,w,c
   130   00FFF8  E1FA               	bnz	copy_data0
   131   00FFFA                     end_of_initialization:
   132                           	callstack 0
   133   00FFFA                     __end_of__initialization:
   134                           	callstack 0
   135   00FFFA  0100               	movlb	0
   136   00FFFC  EFDC  F07F         	goto	_main	;jump to C main() function
   137                           
   138                           	psect	dataCOMRAM
   139   000001                     __pdataCOMRAM:
   140                           	callstack 0
   141   000001                     _PORT_REGESTERS:
   142                           	callstack 0
   143   000001                     	ds	10
   144   00000B                     _LAT_REGESTERS:
   145                           	callstack 0
   146   00000B                     	ds	10
   147   000015                     _TRIS_REGESTERS:
   148                           	callstack 0
   149   000015                     	ds	10
   150                           
   151                           	psect	cstackCOMRAM
   152   000000                     __pcstackCOMRAM:
   153                           	callstack 0
   154   000000                     
   155                           ; 2 bytes @ 0x0
   156 ;;
   157 ;;Main: autosize = 0, tempsize = 0, incstack = 0, save=0
   158 ;;
   159 ;; *************** function _main *****************
   160 ;; Defined at:
   161 ;;		line 13 in file "Application.c"
   162 ;; Parameters:    Size  Location     Type
   163 ;;		None
   164 ;; Auto vars:     Size  Location     Type
   165 ;;		None
   166 ;; Return value:  Size  Location     Type
   167 ;;                  2   70[None  ] int 
   168 ;; Registers used:
   169 ;;		None
   170 ;; Tracked objects:
   171 ;;		On entry : 0/0
   172 ;;		On exit  : 0/0
   173 ;;		Unchanged: 0/0
   174 ;; Data sizes:     COMRAM   BANK0   BANK1   BANK2   BANK3   BANK4   BANK5   BANK6   BANK7   BANK8   BANK9  BANK10  BANK1
      +1  BANK12  BANK13  BANK14  BANK15
   175 ;;      Params:         0       0       0       0       0       0       0       0       0       0       0       0       
      +0       0       0       0       0
   176 ;;      Locals:         0       0       0       0       0       0       0       0       0       0       0       0       
      +0       0       0       0       0
   177 ;;      Temps:          0       0       0       0       0       0       0       0       0       0       0       0       
      +0       0       0       0       0
   178 ;;      Totals:         0       0       0       0       0       0       0       0       0       0       0       0       
      +0       0       0       0       0
   179 ;;Total ram usage:        0 bytes
   180 ;; This function calls:
   181 ;;		Nothing
   182 ;; This function is called by:
   183 ;;		Startup code after reset
   184 ;; This function uses a non-reentrant model
   185 ;;
   186                           
   187                           	psect	text0
   188   00FFB8                     __ptext0:
   189                           	callstack 0
   190   00FFB8                     _main:
   191                           	callstack 31
   192   00FFB8  EF00  F000         	goto	start
   193   00FFBC                     __end_of_main:
   194                           	callstack 0
   195   000000                     
   196                           	psect	rparam
   197   000000                     
   198                           	psect	idloc
   199                           
   200                           ;Config register IDLOC0 @ 0x200000
   201                           ;	unspecified, using default values
   202   200000                     	org	2097152
   203   200000  FF                 	db	255
   204                           
   205                           ;Config register IDLOC1 @ 0x200001
   206                           ;	unspecified, using default values
   207   200001                     	org	2097153
   208   200001  FF                 	db	255
   209                           
   210                           ;Config register IDLOC2 @ 0x200002
   211                           ;	unspecified, using default values
   212   200002                     	org	2097154
   213   200002  FF                 	db	255
   214                           
   215                           ;Config register IDLOC3 @ 0x200003
   216                           ;	unspecified, using default values
   217   200003                     	org	2097155
   218   200003  FF                 	db	255
   219                           
   220                           ;Config register IDLOC4 @ 0x200004
   221                           ;	unspecified, using default values
   222   200004                     	org	2097156
   223   200004  FF                 	db	255
   224                           
   225                           ;Config register IDLOC5 @ 0x200005
   226                           ;	unspecified, using default values
   227   200005                     	org	2097157
   228   200005  FF                 	db	255
   229                           
   230                           ;Config register IDLOC6 @ 0x200006
   231                           ;	unspecified, using default values
   232   200006                     	org	2097158
   233   200006  FF                 	db	255
   234                           
   235                           ;Config register IDLOC7 @ 0x200007
   236                           ;	unspecified, using default values
   237   200007                     	org	2097159
   238   200007  FF                 	db	255
   239                           
   240                           	psect	config
   241                           
   242                           ; Padding undefined space
   243   300000                     	org	3145728
   244   300000  FF                 	db	255
   245                           
   246                           ;Config register CONFIG1H @ 0x300001
   247                           ;	Oscillator Selection bits
   248                           ;	OSC = HS, HS oscillator
   249                           ;	Fail-Safe Clock Monitor Enable bit
   250                           ;	FCMEN = OFF, Fail-Safe Clock Monitor disabled
   251                           ;	Internal/External Oscillator Switchover bit
   252                           ;	IESO = OFF, Oscillator Switchover mode disabled
   253   300001                     	org	3145729
   254   300001  02                 	db	2
   255                           
   256                           ;Config register CONFIG2L @ 0x300002
   257                           ;	Power-up Timer Enable bit
   258                           ;	PWRT = OFF, PWRT disabled
   259                           ;	Brown-out Reset Enable bits
   260                           ;	BOREN = OFF, Brown-out Reset disabled in hardware and software
   261                           ;	Brown Out Reset Voltage bits
   262                           ;	BORV = 1, 
   263   300002                     	org	3145730
   264   300002  09                 	db	9
   265                           
   266                           ;Config register CONFIG2H @ 0x300003
   267                           ;	Watchdog Timer Enable bit
   268                           ;	WDT = OFF, WDT disabled (control is placed on the SWDTEN bit)
   269                           ;	Watchdog Timer Postscale Select bits
   270                           ;	WDTPS = 32768, 1:32768
   271   300003                     	org	3145731
   272   300003  1E                 	db	30
   273                           
   274                           ; Padding undefined space
   275   300004                     	org	3145732
   276   300004  FF                 	db	255
   277                           
   278                           ;Config register CONFIG3H @ 0x300005
   279                           ;	CCP2 MUX bit
   280                           ;	CCP2MX = PORTC, CCP2 input/output is multiplexed with RC1
   281                           ;	PORTB A/D Enable bit
   282                           ;	PBADEN = OFF, PORTB<4:0> pins are configured as digital I/O on Reset
   283                           ;	Low-Power Timer1 Oscillator Enable bit
   284                           ;	LPT1OSC = OFF, Timer1 configured for higher power operation
   285                           ;	MCLR Pin Enable bit
   286                           ;	MCLRE = ON, MCLR pin enabled; RE3 input pin disabled
   287   300005                     	org	3145733
   288   300005  81                 	db	129
   289                           
   290                           ;Config register CONFIG4L @ 0x300006
   291                           ;	Stack Full/Underflow Reset Enable bit
   292                           ;	STVREN = ON, Stack full/underflow will cause Reset
   293                           ;	Single-Supply ICSP Enable bit
   294                           ;	LVP = OFF, Single-Supply ICSP disabled
   295                           ;	Extended Instruction Set Enable bit
   296                           ;	XINST = OFF, Instruction set extension and Indexed Addressing mode disabled (Legacy mo
      +                          de)
   297                           ;	Background Debugger Enable bit
   298                           ;	DEBUG = 0x1, unprogrammed default
   299   300006                     	org	3145734
   300   300006  81                 	db	129
   301                           
   302                           ; Padding undefined space
   303   300007                     	org	3145735
   304   300007  FF                 	db	255
   305                           
   306                           ;Config register CONFIG5L @ 0x300008
   307                           ;	Code Protection bit
   308                           ;	CP0 = OFF, Block 0 (000800-003FFFh) not code-protected
   309                           ;	Code Protection bit
   310                           ;	CP1 = OFF, Block 1 (004000-007FFFh) not code-protected
   311                           ;	Code Protection bit
   312                           ;	CP2 = OFF, Block 2 (008000-00BFFFh) not code-protected
   313                           ;	Code Protection bit
   314                           ;	CP3 = OFF, Block 3 (00C000-00FFFFh) not code-protected
   315   300008                     	org	3145736
   316   300008  0F                 	db	15
   317                           
   318                           ;Config register CONFIG5H @ 0x300009
   319                           ;	Boot Block Code Protection bit
   320                           ;	CPB = OFF, Boot block (000000-0007FFh) not code-protected
   321                           ;	Data EEPROM Code Protection bit
   322                           ;	CPD = OFF, Data EEPROM not code-protected
   323   300009                     	org	3145737
   324   300009  C0                 	db	192
   325                           
   326                           ;Config register CONFIG6L @ 0x30000A
   327                           ;	Write Protection bit
   328                           ;	WRT0 = OFF, Block 0 (000800-003FFFh) not write-protected
   329                           ;	Write Protection bit
   330                           ;	WRT1 = OFF, Block 1 (004000-007FFFh) not write-protected
   331                           ;	Write Protection bit
   332                           ;	WRT2 = OFF, Block 2 (008000-00BFFFh) not write-protected
   333                           ;	Write Protection bit
   334                           ;	WRT3 = OFF, Block 3 (00C000-00FFFFh) not write-protected
   335   30000A                     	org	3145738
   336   30000A  0F                 	db	15
   337                           
   338                           ;Config register CONFIG6H @ 0x30000B
   339                           ;	Configuration Register Write Protection bit
   340                           ;	WRTC = OFF, Configuration registers (300000-3000FFh) not write-protected
   341                           ;	Boot Block Write Protection bit
   342                           ;	WRTB = OFF, Boot Block (000000-0007FFh) not write-protected
   343                           ;	Data EEPROM Write Protection bit
   344                           ;	WRTD = OFF, Data EEPROM not write-protected
   345   30000B                     	org	3145739
   346   30000B  E0                 	db	224
   347                           
   348                           ;Config register CONFIG7L @ 0x30000C
   349                           ;	Table Read Protection bit
   350                           ;	EBTR0 = OFF, Block 0 (000800-003FFFh) not protected from table reads executed in other
      +                           blocks
   351                           ;	Table Read Protection bit
   352                           ;	EBTR1 = OFF, Block 1 (004000-007FFFh) not protected from table reads executed in other
      +                           blocks
   353                           ;	Table Read Protection bit
   354                           ;	EBTR2 = OFF, Block 2 (008000-00BFFFh) not protected from table reads executed in other
      +                           blocks
   355                           ;	Table Read Protection bit
   356                           ;	EBTR3 = OFF, Block 3 (00C000-00FFFFh) not protected from table reads executed in other
      +                           blocks
   357   30000C                     	org	3145740
   358   30000C  0F                 	db	15
   359                           
   360                           ;Config register CONFIG7H @ 0x30000D
   361                           ;	Boot Block Table Read Protection bit
   362                           ;	EBTRB = OFF, Boot Block (000000-0007FFh) not protected from table reads executed in ot
      +                          her blocks
   363   30000D                     	org	3145741
   364   30000D  40                 	db	64
   365                           tosu	equ	0xFFF
   366                           tosh	equ	0xFFE
   367                           tosl	equ	0xFFD
   368                           stkptr	equ	0xFFC
   369                           pclatu	equ	0xFFB
   370                           pclath	equ	0xFFA
   371                           pcl	equ	0xFF9
   372                           tblptru	equ	0xFF8
   373                           tblptrh	equ	0xFF7
   374                           tblptrl	equ	0xFF6
   375                           tablat	equ	0xFF5
   376                           prodh	equ	0xFF4
   377                           prodl	equ	0xFF3
   378                           indf0	equ	0xFEF
   379                           postinc0	equ	0xFEE
   380                           postdec0	equ	0xFED
   381                           preinc0	equ	0xFEC
   382                           plusw0	equ	0xFEB
   383                           fsr0h	equ	0xFEA
   384                           fsr0l	equ	0xFE9
   385                           wreg	equ	0xFE8
   386                           indf1	equ	0xFE7
   387                           postinc1	equ	0xFE6
   388                           postdec1	equ	0xFE5
   389                           preinc1	equ	0xFE4
   390                           plusw1	equ	0xFE3
   391                           fsr1h	equ	0xFE2
   392                           fsr1l	equ	0xFE1
   393                           bsr	equ	0xFE0
   394                           indf2	equ	0xFDF
   395                           postinc2	equ	0xFDE
   396                           postdec2	equ	0xFDD
   397                           preinc2	equ	0xFDC
   398                           plusw2	equ	0xFDB
   399                           fsr2h	equ	0xFDA
   400                           fsr2l	equ	0xFD9
   401                           status	equ	0xFD8

Data Sizes:
    Strings     0
    Constant    0
    Data        30
    BSS         0
    Persistent  0
    Stack       0

Auto Spaces:
    Space          Size  Autos    Used
    COMRAM          127      0      30
    BANK0           128      0       0
    BANK1           256      0       0
    BANK2           256      0       0
    BANK3           256      0       0
    BANK4           256      0       0
    BANK5           256      0       0
    BANK6           256      0       0
    BANK7           256      0       0
    BANK8           256      0       0
    BANK9           256      0       0
    BANK10          256      0       0
    BANK11          256      0       0
    BANK12          256      0       0
    BANK13          256      0       0
    BANK14          256      0       0
    BANK15          128      0       0

Pointer List with Targets:

    PORT_REGESTERS	PTR unsigned char [5] size(2) Largest target is 1
		 -> PORTE(BITBIGSFRll[1]), PORTD(BITBIGSFRll[1]), PORTC(BITBIGSFRll[1]), PORTB(BITBIGSFRll[1]), 
		 -> PORTA(BITBIGSFRll[1]), 

    LAT_REGESTERS	PTR unsigned char [5] size(2) Largest target is 1
		 -> LATE(BITBIGSFRlh[1]), LATD(BITBIGSFRlh[1]), LATC(BITBIGSFRlh[1]), LATB(BITBIGSFRlh[1]), 
		 -> LATA(BITBIGSFRll[1]), 

    TRIS_REGESTERS	PTR unsigned char [5] size(2) Largest target is 1
		 -> TRISE(BITBIGSFRh[1]), TRISD(BITBIGSFRh[1]), TRISC(BITBIGSFRh[1]), TRISB(BITBIGSFRh[1]), 
		 -> TRISA(BITBIGSFRll[1]), 


Critical Paths under _main in COMRAM

    None.

Critical Paths under _main in BANK0

    None.

Critical Paths under _main in BANK1

    None.

Critical Paths under _main in BANK2

    None.

Critical Paths under _main in BANK3

    None.

Critical Paths under _main in BANK4

    None.

Critical Paths under _main in BANK5

    None.

Critical Paths under _main in BANK6

    None.

Critical Paths under _main in BANK7

    None.

Critical Paths under _main in BANK8

    None.

Critical Paths under _main in BANK9

    None.

Critical Paths under _main in BANK10

    None.

Critical Paths under _main in BANK11

    None.

Critical Paths under _main in BANK12

    None.

Critical Paths under _main in BANK13

    None.

Critical Paths under _main in BANK14

    None.

Critical Paths under _main in BANK15

    None.

Call Graph Tables:

 ---------------------------------------------------------------------------------
 (Depth) Function   	        Calls       Base Space   Used Autos Params    Refs
 ---------------------------------------------------------------------------------
 (0) _main                                                 0     0      0       0
 ---------------------------------------------------------------------------------
 Estimated maximum stack depth 0
 ---------------------------------------------------------------------------------

 Call Graph Graphs:

 _main (ROOT)

 Address spaces:
Name               Size   Autos  Total    Cost      Usage
BIGRAM             F7F      0       0      40        0.0%
EEDATA             400      0       0       0        0.0%
BITBANK14          100      0       0      32        0.0%
BANK14             100      0       0      33        0.0%
BITBANK13          100      0       0      30        0.0%
BANK13             100      0       0      31        0.0%
BITBANK12          100      0       0      28        0.0%
BANK12             100      0       0      29        0.0%
BITBANK11          100      0       0      26        0.0%
BANK11             100      0       0      27        0.0%
BITBANK10          100      0       0      24        0.0%
BANK10             100      0       0      25        0.0%
BITBANK9           100      0       0      22        0.0%
BANK9              100      0       0      23        0.0%
BITBANK8           100      0       0      20        0.0%
BANK8              100      0       0      21        0.0%
BITBANK7           100      0       0      18        0.0%
BANK7              100      0       0      19        0.0%
BITBANK6           100      0       0      16        0.0%
BANK6              100      0       0      17        0.0%
BITBANK5           100      0       0      14        0.0%
BANK5              100      0       0      15        0.0%
BITBANK4           100      0       0      12        0.0%
BANK4              100      0       0      13        0.0%
BITBANK3           100      0       0      10        0.0%
BANK3              100      0       0      11        0.0%
BITBANK2           100      0       0       8        0.0%
BANK2              100      0       0       9        0.0%
BITBANK1           100      0       0       6        0.0%
BANK1              100      0       0       7        0.0%
BITBANK15           80      0       0      34        0.0%
BANK15              80      0       0      35        0.0%
BITBANK0            80      0       0       4        0.0%
BANK0               80      0       0       5        0.0%
BITCOMRAM           7F      0       0       0        0.0%
COMRAM              7F      0      1E       1       23.6%
BITBIGSFRh          69      0       0      36        0.0%
BITBIGSFRlh          4      0       0      37        0.0%
BITBIGSFRll          4      0       0      38        0.0%
BIGSFR               0      0       0     200        0.0%
BITSFR               0      0       0     200        0.0%
SFR                  0      0       0     200        0.0%
STACK                0      0       0       2        0.0%
NULL                 0      0       0       0        0.0%
ABS                  0      0      1E      39        0.0%
DATA                 0      0      1E       3        0.0%
CODE                 0      0       0       0        0.0%


Microchip Technology PIC18 Macro Assembler V2.41 build 20230208172133 
Symbol Table                                                                                   Tue May 16 17:11:55 2023

                     l71 FFB8                      l747 FFB8                     _LATA 0F89  
                   _LATB 0F8A                     _LATC 0F8B                     _LATD 0F8C  
                   _LATE 0F8D                     _main FFB8                     fsr1l 0FE1  
                   start 0000             ___param_bank 0000            _LAT_REGESTERS 000B  
                  ?_main 0000                    _PORTA 0F80                    _PORTB 0F81  
                  _PORTC 0F82                    _PORTD 0F83                    _PORTE 0F84  
                  _TRISA 0F92                    _TRISB 0F93                    _TRISC 0F94  
                  _TRISD 0F95                    _TRISE 0F96                    tablat 0FF5  
        __initialization FFDA             __end_of_main FFBC                   ??_main 0000  
          __activetblptr 0000                   isa$std 0001             __pdataCOMRAM 0001  
                 tblptrh 0FF7                   tblptrl 0FF6                   tblptru 0FF8  
             __accesstop 0080  __end_of__initialization FFFA            ___rparam_used 0001  
         __pcstackCOMRAM 0000                  __Hparam 0000                  __Lparam 0000  
                __pcinit FFDA                  __ramtop 1000                  __ptext0 FFB8  
   end_of_initialization FFFA                  postdec1 0FE5                  postinc0 0FEE  
          __pidataCOMRAM FFBC           _PORT_REGESTERS 0001      start_initialization FFDA  
              copy_data0 FFEE                 __Hrparam 0000                 __Lrparam 0000  
               isa$xinst 0000           _TRIS_REGESTERS 0015  
